[ 2016-04-18T10:18:09+08:00 ] 127.0.0.1 /Home/Grid/index
INFO: [ app_init ] --START--
INFO: Run Behavior\BuildLiteBehavior [ RunTime:0.000064s ]
INFO: [ app_init ] --END-- [ RunTime:0.003581s ]
INFO: [ app_begin ] --START--
INFO: Run Behavior\ReadHtmlCacheBehavior [ RunTime:0.001754s ]
INFO: [ app_begin ] --END-- [ RunTime:0.001823s ]
NOTIC: [8] Undefined index: _ACCESS_LIST /Users/jianhua/Code/sae/bianjie100/guanghui/Application/Home/Common/function.php 第 32 行.
NOTIC: [8] Undefined variable: slider /Users/jianhua/Code/sae/bianjie100/guanghui/Application/Home/Common/function.php 第 46 行.
NOTIC: [8192] mysql_connect(): The mysql extension is deprecated and will be removed in the future: use mysqli or PDO instead /Users/jianhua/Code/sae/bianjie100/guanghui/ThinkPHP/Library/Think/Db/Driver/Mysql.class.php 第 52 行.
SQL: SHOW COLUMNS FROM `z_admin` [ RunTime:0.007633s ]
SQL: SHOW COLUMNS FROM `z_admin` [ RunTime:0.000507s ]
NOTIC: [2] explode() expects parameter 2 to be string, array given /Users/jianhua/Code/sae/bianjie100/guanghui/ThinkPHP/Library/Think/Model.class.php 第 1424 行.
SQL: SHOW COLUMNS FROM `` [ RunTime:0.000233s ]
ERR: 1103:Incorrect table name ''
 [ SQL语句 ] : SHOW COLUMNS FROM ``
SQL: SELECT admin.admin_id,admin.portrait, admin.name, admin.nickname,admin.app_user, admin.email,admin.description,admin.status, role.id,role.name FROM `juzi_admin` `admin`,`juzi_role_admin` `admin_role`,`juzi_role` `role` WHERE ( admin.admin_id=1 AND admin_role.admin_id=1 AND role.id=admin_role.role_id ) LIMIT 1   [ RunTime:0.001676s ]
ERR: 1146:Table 'test.juzi_admin' doesn't exist
 [ SQL语句 ] : SELECT admin.admin_id,admin.portrait, admin.name, admin.nickname,admin.app_user, admin.email,admin.description,admin.status, role.id,role.name FROM `juzi_admin` `admin`,`juzi_role_admin` `admin_role`,`juzi_role` `role` WHERE ( admin.admin_id=1 AND admin_role.admin_id=1 AND role.id=admin_role.role_id ) LIMIT 1  
INFO: [ view_parse ] --START--
INFO: [ template_filter ] --START--
INFO: Run Behavior\ContentReplaceBehavior [ RunTime:0.000031s ]
INFO: [ template_filter ] --END-- [ RunTime:0.000078s ]
NOTIC: [8] Undefined variable: grid /Users/jianhua/Code/sae/bianjie100/guanghui/Application/Runtime/Cache/Home/8d8b41c616bbc3fdb07c327772fa53c2.php 第 119 行.
NOTIC: [8] Undefined variable: grid /Users/jianhua/Code/sae/bianjie100/guanghui/Application/Runtime/Cache/Home/8d8b41c616bbc3fdb07c327772fa53c2.php 第 121 行.
NOTIC: [8] Undefined variable: grid /Users/jianhua/Code/sae/bianjie100/guanghui/Application/Runtime/Cache/Home/8d8b41c616bbc3fdb07c327772fa53c2.php 第 133 行.
NOTIC: [8] Undefined variable: grid /Users/jianhua/Code/sae/bianjie100/guanghui/Application/Runtime/Cache/Home/8d8b41c616bbc3fdb07c327772fa53c2.php 第 134 行.
NOTIC: [8] Undefined variable: grid /Users/jianhua/Code/sae/bianjie100/guanghui/Application/Runtime/Cache/Home/8d8b41c616bbc3fdb07c327772fa53c2.php 第 141 行.
NOTIC: [8] Undefined variable: grid /Users/jianhua/Code/sae/bianjie100/guanghui/Application/Runtime/Cache/Home/8d8b41c616bbc3fdb07c327772fa53c2.php 第 148 行.
NOTIC: [8] Undefined variable: sidebar /Users/jianhua/Code/sae/bianjie100/guanghui/Application/Runtime/Cache/Home/8d8b41c616bbc3fdb07c327772fa53c2.php 第 190 行.
INFO: Run Behavior\ParseTemplateBehavior [ RunTime:0.015937s ]
INFO: [ view_parse ] --END-- [ RunTime:0.015980s ]
INFO: [ view_filter ] --START--
INFO: Run Behavior\WriteHtmlCacheBehavior [ RunTime:0.000684s ]
INFO: [ view_filter ] --END-- [ RunTime:0.000720s ]
INFO: [ app_end ] --START--
INFO: Run Behavior\ShowPageTraceBehavior [ RunTime:0.000738s ]
INFO: [ app_end ] --END-- [ RunTime:0.000798s ]

[ 2016-04-18T10:19:21+08:00 ] 127.0.0.1 /home/Grid/edit
INFO: [ app_init ] --START--
INFO: Run Behavior\BuildLiteBehavior [ RunTime:0.000014s ]
INFO: [ app_init ] --END-- [ RunTime:0.000281s ]
INFO: [ app_begin ] --START--
INFO: Run Behavior\ReadHtmlCacheBehavior [ RunTime:0.000232s ]
INFO: [ app_begin ] --END-- [ RunTime:0.000266s ]
NOTIC: [8] Undefined index: _ACCESS_LIST /Users/jianhua/Code/sae/bianjie100/guanghui/Application/Home/Common/function.php 第 32 行.
NOTIC: [8] Undefined variable: slider /Users/jianhua/Code/sae/bianjie100/guanghui/Application/Home/Common/function.php 第 46 行.
NOTIC: [8192] mysql_connect(): The mysql extension is deprecated and will be removed in the future: use mysqli or PDO instead /Users/jianhua/Code/sae/bianjie100/guanghui/ThinkPHP/Library/Think/Db/Driver/Mysql.class.php 第 52 行.
SQL: SHOW COLUMNS FROM `z_grid` [ RunTime:0.000410s ]
SQL: SHOW COLUMNS FROM `z_grid` [ RunTime:0.000300s ]
NOTIC: [2] call_user_func() expects parameter 1 to be a valid callback, no array or string given /Users/jianhua/Code/sae/bianjie100/guanghui/ThinkPHP/Library/Think/Upload.class.php 第 170 行.
SQL: INSERT INTO `z_grid` (`title`,`url`,`desc`,`status`,`icon`) VALUES ('qwe','qe','1','1','20160418/57144429d6324.png') [ RunTime:0.001764s ]
INFO: [ view_parse ] --START--
INFO: [ template_filter ] --START--
INFO: Run Behavior\ContentReplaceBehavior [ RunTime:0.000021s ]
INFO: [ template_filter ] --END-- [ RunTime:0.000055s ]
INFO: Run Behavior\ParseTemplateBehavior [ RunTime:0.004158s ]
INFO: [ view_parse ] --END-- [ RunTime:0.004188s ]
INFO: [ view_filter ] --START--
INFO: Run Behavior\WriteHtmlCacheBehavior [ RunTime:0.000079s ]
INFO: [ view_filter ] --END-- [ RunTime:0.000100s ]
INFO: [ app_end ] --START--
INFO: Run Behavior\ShowPageTraceBehavior [ RunTime:0.000278s ]
INFO: [ app_end ] --END-- [ RunTime:0.000302s ]

[ 2016-04-18T10:19:23+08:00 ] 127.0.0.1 /Home/Grid/gridList
INFO: [ app_init ] --START--
INFO: Run Behavior\BuildLiteBehavior [ RunTime:0.000010s ]
INFO: [ app_init ] --END-- [ RunTime:0.000199s ]
INFO: [ app_begin ] --START--
INFO: Run Behavior\ReadHtmlCacheBehavior [ RunTime:0.000425s ]
INFO: [ app_begin ] --END-- [ RunTime:0.000505s ]
NOTIC: [8] Undefined index: _ACCESS_LIST /Users/jianhua/Code/sae/bianjie100/guanghui/Application/Home/Common/function.php 第 32 行.
NOTIC: [8] Undefined variable: slider /Users/jianhua/Code/sae/bianjie100/guanghui/Application/Home/Common/function.php 第 46 行.
ERR: 非法操作:gridList

[ 2016-04-18T10:24:57+08:00 ] 127.0.0.1 /Home/Grid/gridList
INFO: [ app_init ] --START--
INFO: Run Behavior\BuildLiteBehavior [ RunTime:0.000011s ]
INFO: [ app_init ] --END-- [ RunTime:0.000217s ]
INFO: [ app_begin ] --START--
INFO: Run Behavior\ReadHtmlCacheBehavior [ RunTime:0.000235s ]
INFO: [ app_begin ] --END-- [ RunTime:0.000265s ]
NOTIC: [8] Undefined index: _ACCESS_LIST /Users/jianhua/Code/sae/bianjie100/guanghui/Application/Home/Common/function.php 第 32 行.
NOTIC: [8] Undefined variable: slider /Users/jianhua/Code/sae/bianjie100/guanghui/Application/Home/Common/function.php 第 46 行.
ERR: 非法操作:gridList

[ 2016-04-18T10:26:39+08:00 ] 127.0.0.1 /Home/Grid/index
INFO: [ app_init ] --START--
INFO: Run Behavior\BuildLiteBehavior [ RunTime:0.000008s ]
INFO: [ app_init ] --END-- [ RunTime:0.000171s ]
INFO: [ app_begin ] --START--
INFO: Run Behavior\ReadHtmlCacheBehavior [ RunTime:0.000223s ]
INFO: [ app_begin ] --END-- [ RunTime:0.000250s ]
NOTIC: [8] Undefined index: _ACCESS_LIST /Users/jianhua/Code/sae/bianjie100/guanghui/Application/Home/Common/function.php 第 32 行.
NOTIC: [8] Undefined variable: slider /Users/jianhua/Code/sae/bianjie100/guanghui/Application/Home/Common/function.php 第 46 行.
NOTIC: [8192] mysql_connect(): The mysql extension is deprecated and will be removed in the future: use mysqli or PDO instead /Users/jianhua/Code/sae/bianjie100/guanghui/ThinkPHP/Library/Think/Db/Driver/Mysql.class.php 第 52 行.
SQL: SHOW COLUMNS FROM `z_admin` [ RunTime:0.000633s ]
SQL: SHOW COLUMNS FROM `z_admin` [ RunTime:0.000535s ]
NOTIC: [2] explode() expects parameter 2 to be string, array given /Users/jianhua/Code/sae/bianjie100/guanghui/ThinkPHP/Library/Think/Model.class.php 第 1424 行.
SQL: SHOW COLUMNS FROM `` [ RunTime:0.000119s ]
ERR: 1103:Incorrect table name ''
 [ SQL语句 ] : SHOW COLUMNS FROM ``
SQL: SELECT admin.admin_id,admin.portrait, admin.name, admin.nickname,admin.app_user, admin.email,admin.description,admin.status, role.id,role.name FROM `juzi_admin` `admin`,`juzi_role_admin` `admin_role`,`juzi_role` `role` WHERE ( admin.admin_id=1 AND admin_role.admin_id=1 AND role.id=admin_role.role_id ) LIMIT 1   [ RunTime:0.000227s ]
ERR: 1146:Table 'test.juzi_admin' doesn't exist
 [ SQL语句 ] : SELECT admin.admin_id,admin.portrait, admin.name, admin.nickname,admin.app_user, admin.email,admin.description,admin.status, role.id,role.name FROM `juzi_admin` `admin`,`juzi_role_admin` `admin_role`,`juzi_role` `role` WHERE ( admin.admin_id=1 AND admin_role.admin_id=1 AND role.id=admin_role.role_id ) LIMIT 1  
INFO: [ view_parse ] --START--
INFO: [ template_filter ] --START--
INFO: Run Behavior\ContentReplaceBehavior [ RunTime:0.000030s ]
INFO: [ template_filter ] --END-- [ RunTime:0.000072s ]
NOTIC: [8] Undefined variable: grid /Users/jianhua/Code/sae/bianjie100/guanghui/Application/Runtime/Cache/Home/8d8b41c616bbc3fdb07c327772fa53c2.php 第 119 行.
NOTIC: [8] Undefined variable: grid /Users/jianhua/Code/sae/bianjie100/guanghui/Application/Runtime/Cache/Home/8d8b41c616bbc3fdb07c327772fa53c2.php 第 121 行.
NOTIC: [8] Undefined variable: grid /Users/jianhua/Code/sae/bianjie100/guanghui/Application/Runtime/Cache/Home/8d8b41c616bbc3fdb07c327772fa53c2.php 第 133 行.
NOTIC: [8] Undefined variable: grid /Users/jianhua/Code/sae/bianjie100/guanghui/Application/Runtime/Cache/Home/8d8b41c616bbc3fdb07c327772fa53c2.php 第 134 行.
NOTIC: [8] Undefined variable: grid /Users/jianhua/Code/sae/bianjie100/guanghui/Application/Runtime/Cache/Home/8d8b41c616bbc3fdb07c327772fa53c2.php 第 141 行.
NOTIC: [8] Undefined variable: grid /Users/jianhua/Code/sae/bianjie100/guanghui/Application/Runtime/Cache/Home/8d8b41c616bbc3fdb07c327772fa53c2.php 第 148 行.
NOTIC: [8] Undefined variable: sidebar /Users/jianhua/Code/sae/bianjie100/guanghui/Application/Runtime/Cache/Home/8d8b41c616bbc3fdb07c327772fa53c2.php 第 190 行.
INFO: Run Behavior\ParseTemplateBehavior [ RunTime:0.007643s ]
INFO: [ view_parse ] --END-- [ RunTime:0.007709s ]
INFO: [ view_filter ] --START--
INFO: Run Behavior\WriteHtmlCacheBehavior [ RunTime:0.000091s ]
INFO: [ view_filter ] --END-- [ RunTime:0.000112s ]
INFO: [ app_end ] --START--
INFO: Run Behavior\ShowPageTraceBehavior [ RunTime:0.000404s ]
INFO: [ app_end ] --END-- [ RunTime:0.000467s ]

[ 2016-04-18T10:26:41+08:00 ] 127.0.0.1 /Home/Grid/index
INFO: [ app_init ] --START--
INFO: Run Behavior\BuildLiteBehavior [ RunTime:0.000009s ]
INFO: [ app_init ] --END-- [ RunTime:0.000192s ]
INFO: [ app_begin ] --START--
INFO: Run Behavior\ReadHtmlCacheBehavior [ RunTime:0.000380s ]
INFO: [ app_begin ] --END-- [ RunTime:0.000413s ]
NOTIC: [8] Undefined index: _ACCESS_LIST /Users/jianhua/Code/sae/bianjie100/guanghui/Application/Home/Common/function.php 第 32 行.
NOTIC: [8] Undefined variable: slider /Users/jianhua/Code/sae/bianjie100/guanghui/Application/Home/Common/function.php 第 46 行.
NOTIC: [8192] mysql_connect(): The mysql extension is deprecated and will be removed in the future: use mysqli or PDO instead /Users/jianhua/Code/sae/bianjie100/guanghui/ThinkPHP/Library/Think/Db/Driver/Mysql.class.php 第 52 行.
SQL: SHOW COLUMNS FROM `z_admin` [ RunTime:0.000432s ]
SQL: SHOW COLUMNS FROM `z_admin` [ RunTime:0.000387s ]
NOTIC: [2] explode() expects parameter 2 to be string, array given /Users/jianhua/Code/sae/bianjie100/guanghui/ThinkPHP/Library/Think/Model.class.php 第 1424 行.
SQL: SHOW COLUMNS FROM `` [ RunTime:0.000121s ]
ERR: 1103:Incorrect table name ''
 [ SQL语句 ] : SHOW COLUMNS FROM ``
SQL: SELECT admin.admin_id,admin.portrait, admin.name, admin.nickname,admin.app_user, admin.email,admin.description,admin.status, role.id,role.name FROM `juzi_admin` `admin`,`juzi_role_admin` `admin_role`,`juzi_role` `role` WHERE ( admin.admin_id=1 AND admin_role.admin_id=1 AND role.id=admin_role.role_id ) LIMIT 1   [ RunTime:0.000215s ]
ERR: 1146:Table 'test.juzi_admin' doesn't exist
 [ SQL语句 ] : SELECT admin.admin_id,admin.portrait, admin.name, admin.nickname,admin.app_user, admin.email,admin.description,admin.status, role.id,role.name FROM `juzi_admin` `admin`,`juzi_role_admin` `admin_role`,`juzi_role` `role` WHERE ( admin.admin_id=1 AND admin_role.admin_id=1 AND role.id=admin_role.role_id ) LIMIT 1  
INFO: [ view_parse ] --START--
INFO: [ template_filter ] --START--
INFO: Run Behavior\ContentReplaceBehavior [ RunTime:0.000030s ]
INFO: [ template_filter ] --END-- [ RunTime:0.000062s ]
NOTIC: [8] Undefined variable: grid /Users/jianhua/Code/sae/bianjie100/guanghui/Application/Runtime/Cache/Home/8d8b41c616bbc3fdb07c327772fa53c2.php 第 119 行.
NOTIC: [8] Undefined variable: grid /Users/jianhua/Code/sae/bianjie100/guanghui/Application/Runtime/Cache/Home/8d8b41c616bbc3fdb07c327772fa53c2.php 第 121 行.
NOTIC: [8] Undefined variable: grid /Users/jianhua/Code/sae/bianjie100/guanghui/Application/Runtime/Cache/Home/8d8b41c616bbc3fdb07c327772fa53c2.php 第 133 行.
NOTIC: [8] Undefined variable: grid /Users/jianhua/Code/sae/bianjie100/guanghui/Application/Runtime/Cache/Home/8d8b41c616bbc3fdb07c327772fa53c2.php 第 134 行.
NOTIC: [8] Undefined variable: grid /Users/jianhua/Code/sae/bianjie100/guanghui/Application/Runtime/Cache/Home/8d8b41c616bbc3fdb07c327772fa53c2.php 第 141 行.
NOTIC: [8] Undefined variable: grid /Users/jianhua/Code/sae/bianjie100/guanghui/Application/Runtime/Cache/Home/8d8b41c616bbc3fdb07c327772fa53c2.php 第 148 行.
NOTIC: [8] Undefined variable: sidebar /Users/jianhua/Code/sae/bianjie100/guanghui/Application/Runtime/Cache/Home/8d8b41c616bbc3fdb07c327772fa53c2.php 第 190 行.
INFO: Run Behavior\ParseTemplateBehavior [ RunTime:0.005059s ]
INFO: [ view_parse ] --END-- [ RunTime:0.005086s ]
INFO: [ view_filter ] --START--
INFO: Run Behavior\WriteHtmlCacheBehavior [ RunTime:0.000091s ]
INFO: [ view_filter ] --END-- [ RunTime:0.000113s ]
INFO: [ app_end ] --START--
INFO: Run Behavior\ShowPageTraceBehavior [ RunTime:0.000272s ]
INFO: [ app_end ] --END-- [ RunTime:0.000305s ]

